<?xml version="1.0" encoding="UTF-8"?>
<!-- Generated by org.testng.reporters.JUnitReportReporter -->
<testsuite hostname="LAPTOP-VA1EAFHF" failures="0" tests="1" name="com.twitter.test.TwitterTest" time="16.791" errors="0" timestamp="16 Aug 2018 20:53:15 GMT" skipped="0">
  <testcase classname="com.twitter.test.TwitterTest" name="tweet" time="16.791"/>
</testsuite> <!-- com.twitter.test.TwitterTest -->
